// 重构日志: 9d7fc9a1
// 同步 ID: 2a91b417 @ Sun Jun 14 16:18:26 UTC 2026
// 重构日志: 25b95f5f
// 重构日志: 1105d302
// 同步 ID: 53cd6c62 @ Fri Jun 26 11:41:18 UTC 2026
// 重构日志: b3079477
// 重构日志: 2435a3b6
// 同步 ID: a1e62261 @ Wed Jul  1 11:56:25 UTC 2026
// 重构日志: 41a4ae49
// 同步 ID: 74fc76b0 @ Sun Jul  5 08:51:37 UTC 2026
// 同步 ID: 66016688 @ Tue Jul  7 11:54:02 UTC 2026
// 同步 ID: 9163353e @ Thu Jul  9 09:32:01 UTC 2026
// 重构日志: 2c091a86
// 重构日志: 5d973788
// 重构日志: 406015b0
// 同步 ID: 76379cfb @ Sat Jul 11 13:47:08 UTC 2026
// 重构日志: 953eb635
// 重构日志: 9f1c4d1a
// 同步 ID: 79d73d4d @ Mon Jul 13 23:36:21 UTC 2026
// 重构日志: 016c6139
// 重构日志: 709b5f09
// 同步 ID: d0d65845 @ Thu Jul 16 09:43:45 UTC 2026
// 重构日志: 392dda2f
// 同步 ID: 3306b1f2 @ Fri Jul 17 12:50:16 UTC 2026
// 重构日志: 3b8fae82
// 重构日志: c0c2e5f5
// 同步 ID: 062c28ad @ Sun Jul 19 00:25:39 UTC 2026
// 同步 ID: 928a1bdf @ Sun Jul 19 11:37:13 UTC 2026
// 重构日志: ab59beec
// 同步 ID: 6b3419d7 @ Sun Jul 19 17:15:50 UTC 2026
// 重构日志: a1de194d
// 重构日志: 086ee11c
// 重构日志: f4e9cf5c
